Build started 3/19/2012 3:33:36 PM.
     1>Project "X:\alt\dev\github.drshade\knights-tour\c-win32\knights\knights.vcxproj" on node 2 (build target(s)).
     1>InitializeBuildStatus:
         Creating "Release\knights.unsuccessfulbuild" because "AlwaysCreate" was specified.
       ClCompile:
         c:\Program Files (x86)\Microsoft Visual Studio 10.0\VC\bin\CL.exe /c /Zi /nologo /W3 /WX- /Ox /Oi /Oy- /GL /D WIN32 /D NDEBUG /D _CONSOLE /D _UNICODE /D UNICODE /Gm- /EHsc /MD /GS /Gy /fp:precise /Zc:wchar_t /Zc:forScope /Yc"StdAfx.h" /Fp"Release\knights.pch" /Fo"Release\\" /Fd"Release\vc100.pdb" /Gd /TP /analyze- /errorReport:prompt stdafx.cpp
         stdafx.cpp
         c:\Program Files (x86)\Microsoft Visual Studio 10.0\VC\bin\CL.exe /c /Zi /nologo /W3 /WX- /Ox /Oi /Oy- /GL /D WIN32 /D NDEBUG /D _CONSOLE /D _UNICODE /D UNICODE /Gm- /EHsc /MD /GS /Gy /fp:precise /Zc:wchar_t /Zc:forScope /Yu"StdAfx.h" /Fp"Release\knights.pch" /Fo"Release\\" /Fd"Release\vc100.pdb" /Gd /TP /analyze- /errorReport:prompt knights.cpp
         knights.cpp
       Link:
         c:\Program Files (x86)\Microsoft Visual Studio 10.0\VC\bin\link.exe /ERRORREPORT:PROMPT /OUT:"X:\alt\dev\github.drshade\knights-tour\c-win32\knights\Release\knights.exe" /INCREMENTAL:NO /NOLOGO kernel32.lib user32.lib gdi32.lib winspool.lib comdlg32.lib advapi32.lib shell32.lib ole32.lib oleaut32.lib uuid.lib odbc32.lib odbccp32.lib /MANIFEST /ManifestFile:"Release\knights.exe.intermediate.manifest" /MANIFESTUAC:"level='asInvoker' uiAccess='false'" /DEBUG /PDB:"X:\alt\dev\github.drshade\knights-tour\c-win32\knights\Release\knights.pdb" /SUBSYSTEM:CONSOLE /OPT:REF /OPT:ICF /LTCG /TLBID:1 /DYNAMICBASE /NXCOMPAT /IMPLIB:"X:\alt\dev\github.drshade\knights-tour\c-win32\knights\Release\knights.lib" /MACHINE:X86 Release\knights.obj
         Release\stdafx.obj
         Generating code
         Finished generating code
         knights.vcxproj -> X:\alt\dev\github.drshade\knights-tour\c-win32\knights\Release\knights.exe
       Manifest:
         c:\Program Files (x86)\Microsoft SDKs\Windows\v7.0A\bin\mt.exe /nologo /verbose /outputresource:"X:\alt\dev\github.drshade\knights-tour\c-win32\knights\Release\knights.exe;#1" /manifest Release\knights.exe.intermediate.manifest
       FinalizeBuildStatus:
         Deleting file "Release\knights.unsuccessfulbuild".
         Touching "Release\knights.lastbuildstate".
     1>Done Building Project "X:\alt\dev\github.drshade\knights-tour\c-win32\knights\knights.vcxproj" (build target(s)).

Build succeeded.

Time Elapsed 00:00:14.04
