Build started 3/19/2012 3:25:15 PM.
     1>Project "X:\alt\dev\github.drshade\knights-tour\c-win32\knights\knights.vcxproj" on node 2 (build target(s)).
     1>InitializeBuildStatus:
         Creating "Debug\knights.unsuccessfulbuild" because "AlwaysCreate" was specified.
       ClCompile:
         c:\Program Files (x86)\Microsoft Visual Studio 10.0\VC\bin\CL.exe /c /ZI /nologo /W3 /WX- /Od /Oy- /D WIN32 /D _DEBUG /D _CONSOLE /D _UNICODE /D UNICODE /Gm /EHsc /RTC1 /MDd /GS /fp:precise /Zc:wchar_t /Zc:forScope /Yc"StdAfx.h" /Fp"Debug\knights.pch" /Fo"Debug\\" /Fd"Debug\vc100.pdb" /Gd /TP /analyze- /errorReport:prompt stdafx.cpp
         stdafx.cpp
         c:\Program Files (x86)\Microsoft Visual Studio 10.0\VC\bin\CL.exe /c /ZI /nologo /W3 /WX- /Od /Oy- /D WIN32 /D _DEBUG /D _CONSOLE /D _UNICODE /D UNICODE /Gm /EHsc /RTC1 /MDd /GS /fp:precise /Zc:wchar_t /Zc:forScope /Yu"StdAfx.h" /Fp"Debug\knights.pch" /Fo"Debug\\" /Fd"Debug\vc100.pdb" /Gd /TP /analyze- /errorReport:prompt knights.cpp
         knights.cpp
       ManifestResourceCompile:
         c:\Program Files (x86)\Microsoft SDKs\Windows\v7.0A\bin\rc.exe /nologo /fo"Debug\knights.exe.embed.manifest.res" Debug\knights_manifest.rc 
       Link:
         c:\Program Files (x86)\Microsoft Visual Studio 10.0\VC\bin\link.exe /ERRORREPORT:PROMPT /OUT:"X:\alt\dev\github.drshade\knights-tour\c-win32\knights\Debug\knights.exe" /INCREMENTAL /NOLOGO kernel32.lib user32.lib gdi32.lib winspool.lib comdlg32.lib advapi32.lib shell32.lib ole32.lib oleaut32.lib uuid.lib odbc32.lib odbccp32.lib /MANIFEST /ManifestFile:"Debug\knights.exe.intermediate.manifest" /MANIFESTUAC:"level='asInvoker' uiAccess='false'" /DEBUG /PDB:"X:\alt\dev\github.drshade\knights-tour\c-win32\knights\Debug\knights.pdb" /SUBSYSTEM:CONSOLE /TLBID:1 /DYNAMICBASE /NXCOMPAT /IMPLIB:"X:\alt\dev\github.drshade\knights-tour\c-win32\knights\Debug\knights.lib" /MACHINE:X86 Debug\knights.exe.embed.manifest.res
         Debug\knights.obj
         Debug\stdafx.obj
       Manifest:
         c:\Program Files (x86)\Microsoft SDKs\Windows\v7.0A\bin\mt.exe /nologo /verbose /out:"Debug\knights.exe.embed.manifest" /manifest Debug\knights.exe.intermediate.manifest
         c:\Program Files (x86)\Microsoft SDKs\Windows\v7.0A\bin\rc.exe /nologo /fo"Debug\knights.exe.embed.manifest.res" Debug\knights_manifest.rc 
       LinkEmbedManifest:
         c:\Program Files (x86)\Microsoft Visual Studio 10.0\VC\bin\link.exe /ERRORREPORT:PROMPT /OUT:"X:\alt\dev\github.drshade\knights-tour\c-win32\knights\Debug\knights.exe" /INCREMENTAL /NOLOGO kernel32.lib user32.lib gdi32.lib winspool.lib comdlg32.lib advapi32.lib shell32.lib ole32.lib oleaut32.lib uuid.lib odbc32.lib odbccp32.lib /MANIFEST /ManifestFile:"Debug\knights.exe.intermediate.manifest" /MANIFESTUAC:"level='asInvoker' uiAccess='false'" /DEBUG /PDB:"X:\alt\dev\github.drshade\knights-tour\c-win32\knights\Debug\knights.pdb" /SUBSYSTEM:CONSOLE /TLBID:1 /DYNAMICBASE /NXCOMPAT /IMPLIB:"X:\alt\dev\github.drshade\knights-tour\c-win32\knights\Debug\knights.lib" /MACHINE:X86 Debug\knights.exe.embed.manifest.res
         Debug\knights.obj
         Debug\stdafx.obj
         knights.vcxproj -> X:\alt\dev\github.drshade\knights-tour\c-win32\knights\Debug\knights.exe
       FinalizeBuildStatus:
         Deleting file "Debug\knights.unsuccessfulbuild".
         Touching "Debug\knights.lastbuildstate".
     1>Done Building Project "X:\alt\dev\github.drshade\knights-tour\c-win32\knights\knights.vcxproj" (build target(s)).

Build succeeded.

Time Elapsed 00:00:32.38
